\BOOKMARK [0][-]{chapter.1}{Wstep}{}% 1
\BOOKMARK [1][-]{section.1.1}{Cel projektu}{chapter.1}% 2
\BOOKMARK [2][-]{subsection.1.1.1}{Opis aplikacji}{section.1.1}% 3
\BOOKMARK [2][-]{subsection.1.1.2}{Definicje}{section.1.1}% 4
\BOOKMARK [2][-]{subsection.1.1.3}{Techniki wspomagajace zarzadzanie soba w czasie}{section.1.1}% 5
\BOOKMARK [1][-]{section.1.2}{Opis problemu}{chapter.1}% 6
\BOOKMARK [2][-]{subsection.1.2.1}{Wymagania}{section.1.2}% 7
\BOOKMARK [2][-]{subsection.1.2.2}{Ograniczenia}{section.1.2}% 8
\BOOKMARK [0][-]{chapter.2}{Rozwiazanie}{}% 9
\BOOKMARK [1][-]{section.2.1}{Koncepcje zwiazane z projektowanym systemem}{chapter.2}% 10
\BOOKMARK [2][-]{subsection.2.1.1}{Model systemu rozproszonego}{section.2.1}% 11
\BOOKMARK [2][-]{subsection.2.1.2}{Platforma mikroprocesorowa}{section.2.1}% 12
\BOOKMARK [1][-]{section.2.2}{Tworzenie interaktywnej aplikacji}{chapter.2}% 13
\BOOKMARK [1][-]{section.2.3}{Aplikacja serwerowa}{chapter.2}% 14
\BOOKMARK [2][-]{subsection.2.3.1}{Instalacja i uruchomienie aplikacji serwerowej}{section.2.3}% 15
\BOOKMARK [0][-]{chapter.3}{Dostarczone API}{}% 16
\BOOKMARK [1][-]{section.3.1}{Obs\233uga b\233ed\363w}{chapter.3}% 17
\BOOKMARK [2][-]{subsection.3.1.1}{ Forbidden}{section.3.1}% 18
\BOOKMARK [2][-]{subsection.3.1.2}{ Not found}{section.3.1}% 19
\BOOKMARK [2][-]{subsection.3.1.3}{ Unprocessable entity \(422\)}{section.3.1}% 20
\BOOKMARK [2][-]{subsection.3.1.4}{ Invalid \(unauthorized\) \(401\)}{section.3.1}% 21
\BOOKMARK [2][-]{subsection.3.1.5}{Invalid \(406\)}{section.3.1}% 22
\BOOKMARK [1][-]{section.3.2}{Sesje logowania}{chapter.3}% 23
\BOOKMARK [2][-]{subsection.3.2.1}{Logowanie}{section.3.2}% 24
\BOOKMARK [1][-]{section.3.3}{Zarzadzanie listami}{chapter.3}% 25
\BOOKMARK [2][-]{subsection.3.3.1}{Pobranie list zadan:}{section.3.3}% 26
\BOOKMARK [2][-]{subsection.3.3.2}{Pobranie pojedynczej listy zadan:}{section.3.3}% 27
\BOOKMARK [2][-]{subsection.3.3.3}{Tworzenie listy}{section.3.3}% 28
\BOOKMARK [1][-]{section.3.4}{Zarzadzanie zadaniami}{chapter.3}% 29
\BOOKMARK [2][-]{subsection.3.4.1}{Pobranie zadan danej listy:}{section.3.4}% 30
\BOOKMARK [2][-]{subsection.3.4.2}{Pobranie pojedynczego zadania:}{section.3.4}% 31
\BOOKMARK [2][-]{subsection.3.4.3}{Tworzenie zadania}{section.3.4}% 32
\BOOKMARK [1][-]{section.3.5}{Synchronizacja}{chapter.3}% 33
\BOOKMARK [0][-]{chapter.4}{Wnioski}{}% 34
